{"D:\\Code\\Project Aegis\\src\\features\\auth\\schemas\\loginSchema.ts": {"path":"D:\\Code\\Project Aegis\\src\\features\\auth\\schemas\\loginSchema.ts","statementMap":{"0":{"start":{"line":6,"column":28},"end":{"line":6,"column":null}},"1":{"start":{"line":8,"column":27},"end":{"line":44,"column":null}},"2":{"start":{"line":26,"column":15},"end":{"line":26,"column":null}},"3":{"start":{"line":35,"column":21},"end":{"line":35,"column":40}},"4":{"start":{"line":38,"column":21},"end":{"line":38,"column":40}},"5":{"start":{"line":41,"column":21},"end":{"line":41,"column":47}}},"fnMap":{"0":{"name":"(anonymous_0)","decl":{"start":{"line":26,"column":6},"end":{"line":26,"column":7}},"loc":{"start":{"line":26,"column":15},"end":{"line":26,"column":null}},"line":26},"1":{"name":"(anonymous_1)","decl":{"start":{"line":35,"column":12},"end":{"line":35,"column":13}},"loc":{"start":{"line":35,"column":21},"end":{"line":35,"column":40}},"line":35},"2":{"name":"(anonymous_2)","decl":{"start":{"line":38,"column":12},"end":{"line":38,"column":13}},"loc":{"start":{"line":38,"column":21},"end":{"line":38,"column":40}},"line":38},"3":{"name":"(anonymous_3)","decl":{"start":{"line":41,"column":12},"end":{"line":41,"column":13}},"loc":{"start":{"line":41,"column":21},"end":{"line":41,"column":47}},"line":41}},"branchMap":{},"s":{"0":1,"1":1,"2":12,"3":12,"4":12,"5":12},"f":{"0":12,"1":12,"2":12,"3":12},"b":{},"meta":{"lastBranch":0,"lastFunction":4,"lastStatement":6,"seen":{"s:6:28:6:Infinity":0,"s:8:27:44:Infinity":1,"f:26:6:26:7":0,"s:26:15:26:Infinity":2,"f:35:12:35:13":1,"s:35:21:35:40":3,"f:38:12:38:13":2,"s:38:21:38:40":4,"f:41:12:41:13":3,"s:41:21:41:47":5}}}
,"D:\\Code\\Project Aegis\\src\\features\\dashboard\\hooks\\useDataRedaction.ts": {"path":"D:\\Code\\Project Aegis\\src\\features\\dashboard\\hooks\\useDataRedaction.ts","statementMap":{"0":{"start":{"line":16,"column":32},"end":{"line":51,"column":null}},"1":{"start":{"line":17,"column":35},"end":{"line":17,"column":null}},"2":{"start":{"line":21,"column":8},"end":{"line":21,"column":null}},"3":{"start":{"line":23,"column":21},"end":{"line":37,"column":null}},"4":{"start":{"line":26,"column":4},"end":{"line":28,"column":null}},"5":{"start":{"line":27,"column":6},"end":{"line":27,"column":null}},"6":{"start":{"line":30,"column":4},"end":{"line":30,"column":null}},"7":{"start":{"line":34,"column":4},"end":{"line":36,"column":null}},"8":{"start":{"line":35,"column":6},"end":{"line":35,"column":null}},"9":{"start":{"line":39,"column":2},"end":{"line":48,"column":null}},"10":{"start":{"line":43,"column":4},"end":{"line":47,"column":null}},"11":{"start":{"line":44,"column":6},"end":{"line":46,"column":null}},"12":{"start":{"line":45,"column":8},"end":{"line":45,"column":null}},"13":{"start":{"line":50,"column":2},"end":{"line":50,"column":null}}},"fnMap":{"0":{"name":"(anonymous_0)","decl":{"start":{"line":16,"column":32},"end":{"line":16,"column":null}},"loc":{"start":{"line":16,"column":32},"end":{"line":51,"column":null}},"line":16},"1":{"name":"(anonymous_1)","decl":{"start":{"line":23,"column":21},"end":{"line":23,"column":null}},"loc":{"start":{"line":23,"column":21},"end":{"line":37,"column":null}},"line":23},"2":{"name":"(anonymous_2)","decl":{"start":{"line":34,"column":34},"end":{"line":34,"column":null}},"loc":{"start":{"line":34,"column":34},"end":{"line":36,"column":7}},"line":34},"3":{"name":"(anonymous_3)","decl":{"start":{"line":39,"column":12},"end":{"line":39,"column":null}},"loc":{"start":{"line":39,"column":12},"end":{"line":48,"column":5}},"line":39},"4":{"name":"(anonymous_4)","decl":{"start":{"line":43,"column":11},"end":{"line":43,"column":null}},"loc":{"start":{"line":43,"column":11},"end":{"line":47,"column":null}},"line":43}},"branchMap":{"0":{"loc":{"start":{"line":26,"column":4},"end":{"line":28,"column":null}},"type":"if","locations":[{"start":{"line":26,"column":4},"end":{"line":28,"column":null}},{"start":{},"end":{}}],"line":26},"1":{"loc":{"start":{"line":44,"column":6},"end":{"line":46,"column":null}},"type":"if","locations":[{"start":{"line":44,"column":6},"end":{"line":46,"column":null}},{"start":{},"end":{}}],"line":44}},"s":{"0":1,"1":13,"2":13,"3":13,"4":6,"5":1,"6":6,"7":6,"8":1,"9":13,"10":6,"11":6,"12":5,"13":13},"f":{"0":13,"1":6,"2":1,"3":6,"4":6},"b":{"0":[1,5],"1":[5,1]},"meta":{"lastBranch":2,"lastFunction":5,"lastStatement":14,"seen":{"s:16:32:51:Infinity":0,"f:16:32:16:Infinity":0,"s:17:35:17:Infinity":1,"s:21:8:21:Infinity":2,"s:23:21:37:Infinity":3,"f:23:21:23:Infinity":1,"b:26:4:28:Infinity:undefined:undefined:undefined:undefined":0,"s:26:4:28:Infinity":4,"s:27:6:27:Infinity":5,"s:30:4:30:Infinity":6,"s:34:4:36:Infinity":7,"f:34:34:34:Infinity":2,"s:35:6:35:Infinity":8,"s:39:2:48:Infinity":9,"f:39:12:39:Infinity":3,"s:43:4:47:Infinity":10,"f:43:11:43:Infinity":4,"b:44:6:46:Infinity:undefined:undefined:undefined:undefined":1,"s:44:6:46:Infinity":11,"s:45:8:45:Infinity":12,"s:50:2:50:Infinity":13}}}
}
